<?xml version="1.0" encoding="UTF-8"?>
<!-- Generated by org.testng.reporters.JUnitReportReporter -->
<testsuite hostname="MohamedAli" failures="0" tests="7" name="api.test.BookingTest" time="7.401" errors="0" timestamp="2023-06-10T17:29:10 CEST" skipped="0">
  <testcase classname="api.test.BookingTest" name="testGetBookingIds" time="1.123"/>
  <system-out/>
  <testcase classname="api.test.BookingTest" name="testCreateBooking" time="0.955"/>
  <system-out/>
  <testcase classname="api.test.BookingTest" name="testGetBooking" time="0.851"/>
  <system-out/>
  <testcase classname="api.test.BookingTest" name="testGetBookingIdsByName" time="1.671"/>
  <system-out/>
  <testcase classname="api.test.BookingTest" name="testUpdateBooking" time="0.856"/>
  <system-out/>
  <testcase classname="api.test.BookingTest" name="testPatchBooking" time="1.128"/>
  <system-out/>
  <testcase classname="api.test.BookingTest" name="testDeleteBooking" time="0.817"/>
  <system-out/>
</testsuite> <!-- api.test.BookingTest -->
