<?xml version="1.0" encoding="UTF-8"?>
<!-- Generated by org.testng.reporters.JUnitReportReporter -->
<testsuite hostname="MohamedAli" failures="0" tests="1" name="api.test.PingTest" time="0.797" errors="0" timestamp="2023-06-10T17:29:10 CEST" skipped="0">
  <testcase classname="api.test.PingTest" name="testGetHealthCheck" time="0.797"/>
  <system-out/>
</testsuite> <!-- api.test.PingTest -->
