<?xml version="1.0" encoding="UTF-8"?>
<!-- Generated by org.testng.reporters.JUnitReportReporter -->
<testsuite hostname="MohamedAli" failures="0" tests="1" name="api.test.AuthTest" time="2.997" errors="0" timestamp="2023-06-10T17:29:10 CEST" skipped="0">
  <testcase classname="api.test.AuthTest" name="generateToken" time="2.997"/>
  <system-out/>
</testsuite> <!-- api.test.AuthTest -->
