<?xml version="1.0" encoding="UTF-8"?>
<!-- Generated by org.testng.reporters.JUnitReportReporter -->
<testsuite hostname="MohamedAli" failures="0" tests="1" name="testerTalks.Day7" time="2.885" errors="0" timestamp="2023-06-01T12:35:11 CEST" skipped="0">
  <testcase classname="testerTalks.Day7" name="createBooking" time="2.885"/>
  <system-out/>
</testsuite> <!-- testerTalks.Day7 -->
