<?xml version="1.0" encoding="UTF-8"?>
<!-- Generated by org.testng.reporters.JUnitReportReporter -->
<testsuite hostname="MohamedAli" failures="0" tests="7" name="api.test.BookingTest" time="7.959" errors="0" timestamp="2023-06-10T17:30:18 CEST" skipped="0">
  <testcase classname="api.test.BookingTest" name="testGetBookingIds" time="1.279"/>
  <system-out/>
  <testcase classname="api.test.BookingTest" name="testCreateBooking" time="0.867"/>
  <system-out/>
  <testcase classname="api.test.BookingTest" name="testGetBooking" time="1.008"/>
  <system-out/>
  <testcase classname="api.test.BookingTest" name="testGetBookingIdsByName" time="1.942"/>
  <system-out/>
  <testcase classname="api.test.BookingTest" name="testUpdateBooking" time="0.885"/>
  <system-out/>
  <testcase classname="api.test.BookingTest" name="testPatchBooking" time="1.092"/>
  <system-out/>
  <testcase classname="api.test.BookingTest" name="testDeleteBooking" time="0.886"/>
  <system-out/>
</testsuite> <!-- api.test.BookingTest -->
