<?xml version="1.0" encoding="UTF-8"?>
<!-- Generated by org.testng.reporters.JUnitReportReporter -->
<testsuite hostname="MohamedAli" failures="0" tests="1" name="api.test.PingTest" time="1.988" errors="0" timestamp="2023-06-10T17:30:18 CEST" skipped="0">
  <testcase classname="api.test.PingTest" name="testGetHealthCheck" time="1.988"/>
  <system-out/>
</testsuite> <!-- api.test.PingTest -->
